This is pdfTeX, Version 3.1415926-1.40.10 (TeX Live 2009/Debian) (format=pdflatex 2011.11.20)  15 DEC 2011 13:32
entering extended mode
 %&-line parsing enabled.
**Report.tex
(./Report.tex
LaTeX2e <2009/09/24>
Babel <v3.8l> and hyphenation patterns for english, usenglishmax, dumylang, noh
yphenation, loaded.
(/usr/share/texmf-texlive/tex/latex/base/article.cls
Document Class: article 2007/10/19 v1.4h Standard LaTeX document class
(/usr/share/texmf-texlive/tex/latex/base/size11.clo
File: size11.clo 2007/10/19 v1.4h Standard LaTeX file (size option)
)
\c@part=\count79
\c@section=\count80
\c@subsection=\count81
\c@subsubsection=\count82
\c@paragraph=\count83
\c@subparagraph=\count84
\c@figure=\count85
\c@table=\count86
\abovecaptionskip=\skip41
\belowcaptionskip=\skip42
\bibindent=\dimen102
)
(/usr/share/texmf-texlive/tex/latex/geometry/geometry.sty
Package: geometry 2008/12/21 v4.2 Page Geometry

(/usr/share/texmf-texlive/tex/latex/graphics/keyval.sty
Package: keyval 1999/03/16 v1.13 key=value parser (DPC)
\KV@toks@=\toks14
)
(/usr/share/texmf-texlive/tex/generic/oberdiek/ifpdf.sty
Package: ifpdf 2009/04/10 v2.0 Provides the ifpdf switch (HO)
Package ifpdf Info: pdfTeX in pdf mode detected.
)
(/usr/share/texmf-texlive/tex/generic/oberdiek/ifvtex.sty
Package: ifvtex 2008/11/04 v1.4 Switches for detecting VTeX and its modes (HO)
Package ifvtex Info: VTeX not detected.
)
\Gm@cnth=\count87
\Gm@cntv=\count88
\c@Gm@tempcnt=\count89
\Gm@bindingoffset=\dimen103
\Gm@wd@mp=\dimen104
\Gm@odd@mp=\dimen105
\Gm@even@mp=\dimen106
\Gm@dimlist=\toks15
)
(/usr/share/texmf-texlive/tex/latex/graphics/graphicx.sty
Package: graphicx 1999/02/16 v1.0f Enhanced LaTeX Graphics (DPC,SPQR)

(/usr/share/texmf-texlive/tex/latex/graphics/graphics.sty
Package: graphics 2009/02/05 v1.0o Standard LaTeX Graphics (DPC,SPQR)

(/usr/share/texmf-texlive/tex/latex/graphics/trig.sty
Package: trig 1999/03/16 v1.09 sin cos tan (DPC)
)
(/etc/texmf/tex/latex/config/graphics.cfg
File: graphics.cfg 2009/08/28 v1.8 graphics configuration of TeX Live
)
Package graphics Info: Driver file: pdftex.def on input line 91.

(/usr/share/texmf-texlive/tex/latex/pdftex-def/pdftex.def
File: pdftex.def 2010/03/12 v0.04p Graphics/color for pdfTeX
\Gread@gobject=\count90
))
\Gin@req@height=\dimen107
\Gin@req@width=\dimen108
)
(/usr/share/texmf-texlive/tex/latex/amsfonts/amssymb.sty
Package: amssymb 2009/06/22 v3.00

(/usr/share/texmf-texlive/tex/latex/amsfonts/amsfonts.sty
Package: amsfonts 2009/06/22 v3.00 Basic AMSFonts support
\@emptytoks=\toks16
\symAMSa=\mathgroup4
\symAMSb=\mathgroup5
LaTeX Font Info:    Overwriting math alphabet `\mathfrak' in version `bold'
(Font)                  U/euf/m/n --> U/euf/b/n on input line 96.
))
(/usr/share/texmf-texlive/tex/latex/oberdiek/epstopdf.sty
Package: epstopdf 2009/10/17 v2.4 Conversion with epstopdf on the fly (HO)

(/usr/share/texmf-texlive/tex/latex/oberdiek/epstopdf-base.sty
Package: epstopdf-base 2009/10/17 v2.4 Base part for package epstopdf

(/usr/share/texmf-texlive/tex/generic/oberdiek/infwarerr.sty
Package: infwarerr 2007/09/09 v1.2 Providing info/warning/message (HO)
)
(/usr/share/texmf-texlive/tex/latex/oberdiek/grfext.sty
Package: grfext 2007/09/30 v1.0 Managing graphics extensions (HO)
)
(/usr/share/texmf-texlive/tex/latex/oberdiek/kvoptions.sty
Package: kvoptions 2009/08/13 v3.4 Keyval support for LaTeX options (HO)

(/usr/share/texmf-texlive/tex/generic/oberdiek/kvsetkeys.sty
Package: kvsetkeys 2009/07/30 v1.5 Key value parser with default handler suppor
t (HO)

(/usr/share/texmf-texlive/tex/generic/oberdiek/etexcmds.sty
Package: etexcmds 2007/12/12 v1.2 Prefix for e-TeX command names (HO)
Package etexcmds Info: Could not find \expanded.
(etexcmds)             That can mean that you are not using pdfTeX 1.50 or
(etexcmds)             that some package has redefined \expanded.
(etexcmds)             In the latter case, load this package earlier.
)))
(/usr/share/texmf-texlive/tex/generic/oberdiek/pdftexcmds.sty
Package: pdftexcmds 2009/09/23 v0.6 LuaTeX support for pdfTeX utility functions
 (HO)

(/usr/share/texmf-texlive/tex/generic/oberdiek/ifluatex.sty
Package: ifluatex 2009/04/17 v1.2 Provides the ifluatex switch (HO)
Package ifluatex Info: LuaTeX not detected.
)
(/usr/share/texmf-texlive/tex/generic/oberdiek/ltxcmds.sty
Package: ltxcmds 2009/08/05 v1.0 Some LaTeX kernel commands for general use (HO
)
)
Package pdftexcmds Info: LuaTeX not detected.
Package pdftexcmds Info: \pdf@primitive is available.
Package pdftexcmds Info: \pdf@ifprimitive is available.
)

Package epstopdf Warning: Shell escape feature is not enabled.

Package grfext Info: Graphics extension search list:
(grfext)             [.png,.pdf,.jpg,.mps,.jpeg,.jbig2,.jb2,.PNG,.PDF,.JPG,.JPE
G,.JBIG2,.JB2,.eps]
(grfext)             \AppendGraphicsExtensions on input line 433.
(/usr/share/texmf-texlive/tex/latex/latexconfig/epstopdf-sys.cfg
File: epstopdf-sys.cfg 2009/10/26 v1.1 Configuration of epstopdf for TeX Live
)))
(/usr/share/texmf-texlive/tex/latex/natbib/natbib.sty
Package: natbib 2009/07/16 8.31 (PWD, AO)
\bibhang=\skip43
\bibsep=\skip44
LaTeX Info: Redefining \cite on input line 694.
\c@NAT@ctr=\count91
)
(/usr/share/texmf-texlive/tex/latex/amsmath/amsmath.sty
Package: amsmath 2000/07/18 v2.13 AMS math features
\@mathmargin=\skip45

For additional information on amsmath, use the `?' option.
(/usr/share/texmf-texlive/tex/latex/amsmath/amstext.sty
Package: amstext 2000/06/29 v2.01

(/usr/share/texmf-texlive/tex/latex/amsmath/amsgen.sty
File: amsgen.sty 1999/11/30 v2.0
\@emptytoks=\toks17
\ex@=\dimen109
))
(/usr/share/texmf-texlive/tex/latex/amsmath/amsbsy.sty
Package: amsbsy 1999/11/29 v1.2d
\pmbraise@=\dimen110
)
(/usr/share/texmf-texlive/tex/latex/amsmath/amsopn.sty
Package: amsopn 1999/12/14 v2.01 operator names
)
\inf@bad=\count92
LaTeX Info: Redefining \frac on input line 211.
\uproot@=\count93
\leftroot@=\count94
LaTeX Info: Redefining \overline on input line 307.
\classnum@=\count95
\DOTSCASE@=\count96
LaTeX Info: Redefining \ldots on input line 379.
LaTeX Info: Redefining \dots on input line 382.
LaTeX Info: Redefining \cdots on input line 467.
\Mathstrutbox@=\box26
\strutbox@=\box27
\big@size=\dimen111
LaTeX Font Info:    Redeclaring font encoding OML on input line 567.
LaTeX Font Info:    Redeclaring font encoding OMS on input line 568.
\macc@depth=\count97
\c@MaxMatrixCols=\count98
\dotsspace@=\muskip10
\c@parentequation=\count99
\dspbrk@lvl=\count100
\tag@help=\toks18
\row@=\count101
\column@=\count102
\maxfields@=\count103
\andhelp@=\toks19
\eqnshift@=\dimen112
\alignsep@=\dimen113
\tagshift@=\dimen114
\tagwidth@=\dimen115
\totwidth@=\dimen116
\lineht@=\dimen117
\@envbody=\toks20
\multlinegap=\skip46
\multlinetaggap=\skip47
\mathdisplay@stack=\toks21
LaTeX Info: Redefining \[ on input line 2666.
LaTeX Info: Redefining \] on input line 2667.
) (./listings.sty
\lst@mode=\count104
\lst@gtempboxa=\box28
\lst@token=\toks22
\lst@length=\count105
\lst@currlwidth=\dimen118
\lst@column=\count106
\lst@pos=\count107
\lst@lostspace=\dimen119
\lst@width=\dimen120
\lst@newlines=\count108
\lst@lineno=\count109
\lst@maxwidth=\dimen121

(./lstmisc.sty
File: lstmisc.sty 2007/02/22 1.4 (Carsten Heinz)
\c@lstnumber=\count110
\lst@skipnumbers=\count111
\lst@framebox=\box29
) (./listings.cfg
File: listings.cfg 2007/02/22 1.4 listings configuration
))
Package: listings 2007/02/22 1.4 (Carsten Heinz)

(/usr/share/texmf-texlive/tex/latex/graphics/color.sty
Package: color 2005/11/14 v1.0j Standard LaTeX Color (DPC)

(/etc/texmf/tex/latex/config/color.cfg
File: color.cfg 2007/01/18 v1.5 color configuration of teTeX/TeXLive
)
Package color Info: Driver file: pdftex.def on input line 130.
) (./a4page.sty) (./Report.aux

LaTeX Warning: Label `lst:Agent' multiply defined.

)
\openout1 = `Report.aux'.

LaTeX Font Info:    Checking defaults for OML/cmm/m/it on input line 20.
LaTeX Font Info:    ... okay on input line 20.
LaTeX Font Info:    Checking defaults for T1/cmr/m/n on input line 20.
LaTeX Font Info:    ... okay on input line 20.
LaTeX Font Info:    Checking defaults for OT1/cmr/m/n on input line 20.
LaTeX Font Info:    ... okay on input line 20.
LaTeX Font Info:    Checking defaults for OMS/cmsy/m/n on input line 20.
LaTeX Font Info:    ... okay on input line 20.
LaTeX Font Info:    Checking defaults for OMX/cmex/m/n on input line 20.
LaTeX Font Info:    ... okay on input line 20.
LaTeX Font Info:    Checking defaults for U/cmr/m/n on input line 20.
LaTeX Font Info:    ... okay on input line 20.

*geometry auto-detecting driver*
*geometry detected driver: pdftex*
-------------------- Geometry parameters
paper: letterpaper
landscape: --
twocolumn: --
twoside: --
asymmetric: --
h-parts: 92.14519pt, 0.7\paperwidth , 92.14519pt (default)
v-parts: 95.39737pt, 0.7\paperheight , 143.09605pt (default)
hmarginratio: 1:1
vmarginratio: 2:3
lines: --
heightrounded: --
bindingoffset: 0.0pt
truedimen: --
includehead: --
includefoot: --
includemp: --
driver: pdftex
-------------------- Page layout dimensions and switches
\paperwidth  614.295pt
\paperheight 794.96999pt
\textwidth  466.62518pt
\textheight 682.86613pt
\oddsidemargin  -11.38109pt
\evensidemargin -5.69054pt
\topmargin  -21.68121pt
\headheight 0.0pt
\headsep    20.0pt
\footskip   30.0pt
\marginparwidth 59.0pt
\marginparsep   10.0pt
\columnsep  10.0pt
\skip\footins  10.0pt plus 4.0pt minus 2.0pt
\hoffset 0.0pt
\voffset 0.0pt
\mag 1000

(1in=72.27pt, 1cm=28.45pt)
-----------------------
(/usr/share/texmf-texlive/tex/context/base/supp-pdf.mkii
[Loading MPS to PDF converter (version 2006.09.02).]
\scratchcounter=\count112
\scratchdimen=\dimen122
\scratchbox=\box30
\nofMPsegments=\count113
\nofMParguments=\count114
\everyMPshowfont=\toks23
\MPscratchCnt=\count115
\MPscratchDim=\dimen123
\MPnumerator=\count116
\everyMPtoPDFconversion=\toks24
)
\c@lstlisting=\count117
 (./cover.tex
Package epstopdf Info: Source file: <ETHlogo.eps>
(epstopdf)                    date: 2008-01-16 19:52:14
(epstopdf)                    size: 179075 bytes
(epstopdf)             Output file: <ETHlogo-eps-converted-to.pdf>
(epstopdf)                    date: 2011-03-07 14:36:44
(epstopdf)                    size: 14309 bytes
(epstopdf)             Command: <epstopdf --outfile=ETHlogo-eps-converted-to.pd
f ETHlogo.eps>
(epstopdf)             \includegraphics on input line 5.
Package epstopdf Info: Output file is already uptodate.
 <ETHlogo-eps-converted-to.pdf, id=1, 179.67125pt x 45.16875pt>
File: ETHlogo-eps-converted-to.pdf Graphic file (type pdf)

<use ETHlogo-eps-converted-to.pdf>
LaTeX Font Info:    Try loading font information for U+msa on input line 34.

(/usr/share/texmf-texlive/tex/latex/amsfonts/umsa.fd
File: umsa.fd 2009/06/22 v3.00 AMS symbols A
)
LaTeX Font Info:    Try loading font information for U+msb on input line 34.

(/usr/share/texmf-texlive/tex/latex/amsfonts/umsb.fd
File: umsb.fd 2009/06/22 v3.00 AMS symbols B
)) [1

{/var/lib/texmf/fonts/map/pdftex/updmap/pdftex.map} <./ETHlogo-eps-converted-to
.pdf>] [2]
(./Report.toc [3])
\tf@toc=\write3
\openout3 = `Report.toc'.

 [4]
Underfull \hbox (badness 10000) in paragraph at lines 97--106

 []


Underfull \hbox (badness 10000) in paragraph at lines 97--106

 []


Underfull \hbox (badness 10000) in paragraph at lines 97--106

 []

[5]
Missing character: There is no ‚ in font cmr12!
Missing character: There is no Ä in font cmr12!
Missing character: There is no ú in font cmr12!
Missing character: There is no ‚ in font cmr12!
Missing character: There is no Ä in font cmr12!
Missing character: There is no ù in font cmr12!
Missing character: There is no ‚ in font cmr12!
Missing character: There is no Ä in font cmr12!
Missing character: There is no ú in font cmr12!
Missing character: There is no ‚ in font cmr12!
Missing character: There is no Ä in font cmr12!
Missing character: There is no ù in font cmr12!
Missing character: There is no ‚ in font cmr12!
Missing character: There is no Ä in font cmr12!
Missing character: There is no ú in font cmr12!
Missing character: There is no ‚ in font cmr12!
Missing character: There is no Ä in font cmr12!
Missing character: There is no ù in font cmr12!

Underfull \hbox (badness 10000) in paragraph at lines 110--116

 []


Underfull \hbox (badness 10000) in paragraph at lines 110--116

 []


Underfull \hbox (badness 10000) in paragraph at lines 110--116

 []

[6]

LaTeX Font Warning: Command \footnotesize invalid in math mode on input line 13
7.

[7] [8] [9] [10]
Underfull \hbox (badness 10000) in paragraph at lines 199--201

 []

[11] [12] [13] [14] [15] [16] [17]

Package pdftex.def Warning: Option `bb' does not make sense,
(pdftex.def)                using `viewport' instead on input line 297.

<Proposal.pdf, id=68, page=1, 597.23125pt x 845.1575pt>
File: Proposal.pdf Graphic file (type pdf)

<use Proposal.pdf, page 1>
Overfull \hbox (3.1287pt too wide) in paragraph at lines 297--298
[] 
 []

[18]
Overfull \vbox (7.84564pt too high) has occurred while \output is active []


[19 <./Proposal.pdf>]

Package pdftex.def Warning: Option `bb' does not make sense,
(pdftex.def)                using `viewport' instead on input line 299.

<Proposal.pdf, id=89, page=2, 597.23125pt x 845.1575pt>
File: Proposal.pdf Graphic file (type pdf)

<use Proposal.pdf, page 2>
Overfull \hbox (3.1287pt too wide) in paragraph at lines 299--300
[][] 
 []

[20 <./Proposal.pdf>]

Package pdftex.def Warning: Option `bb' does not make sense,
(pdftex.def)                using `viewport' instead on input line 301.

<Proposal.pdf, id=106, page=3, 597.23125pt x 845.1575pt>
File: Proposal.pdf Graphic file (type pdf)

<use Proposal.pdf, page 3>
Overfull \hbox (3.1287pt too wide) in paragraph at lines 301--302
[][] 
 []


Underfull \hbox (badness 10000) in paragraph at lines 305--306

 []

(./lstlang1.sty
File: lstlang1.sty 2004/09/05 1.3 listings language file
) [21 <./Proposal.pdf>] (./Agent.m
LaTeX Font Info:    Try loading font information for OMS+cmr on input line 30.

(/usr/share/texmf-texlive/tex/latex/base/omscmr.fd
File: omscmr.fd 1999/05/25 v2.5h Standard LaTeX font definitions
)
LaTeX Font Info:    Font shape `OMS/cmr/m/n' in size <12> not available
(Font)              Font shape `OMS/cmsy/m/n' tried instead on input line 30.

Overfull \hbox (69.17389pt too wide) in paragraph at lines 30--31
[][][][][][][][][][][][][][][][][][][][][][][] 
 []

[22])
Underfull \hbox (badness 10000) in paragraph at lines 316--317

 []

(./Cop.m [23])
Underfull \hbox (badness 10000) in paragraph at lines 327--328

 []

(./Display.m
Overfull \hbox (5.724pt too wide) in paragraph at lines 23--24
[][][][][][][][][][][][][][][][][][][] 
 []

LaTeX Font Info:    Try loading font information for OML+cmr on input line 33.
(/usr/share/texmf-texlive/tex/latex/base/omlcmr.fd
File: omlcmr.fd 1999/05/25 v2.5h Standard LaTeX font definitions
)
LaTeX Font Info:    Font shape `OML/cmr/m/it' in size <12> not available
(Font)              Font shape `OML/cmm/m/it' tried instead on input line 33.
 [24]
Overfull \hbox (55.07391pt too wide) in paragraph at lines 64--65
[][][][][][][][][][][][][][][][][][][][][][][][][] 
 []


Overfull \hbox (12.77399pt too wide) in paragraph at lines 65--66
[][][][][][][][][][][][][][][][][][][][][][][][] 
 []


Overfull \hbox (118.5238pt too wide) in paragraph at lines 72--74
[][][][][][][][][][][][][][][][][][][][][][][][][][][][][][][][][][][][][][][] 

 []


Overfull \hbox (55.07391pt too wide) in paragraph at lines 76--77
[][][][][][][][][][][][][][][][][][][][][][][][][] 
 []

[25]
LaTeX Font Info:    Font shape `OML/cmr/m/n' in size <12> not available
(Font)              Font shape `OML/cmm/m/it' tried instead on input line 121.

Overfull \hbox (104.42383pt too wide) in paragraph at lines 125--126
[][][][][][][][][][][][][][][][][][][] 
 []


Overfull \hbox (146.72375pt too wide) in paragraph at lines 127--128
[][][][][][][][][][][][][][][][][] 
 []

[26]
Overfull \hbox (12.77399pt too wide) in paragraph at lines 131--132
[][][][][][][][][][][][][][][] 
 []


Overfull \hbox (118.5238pt too wide) in paragraph at lines 142--143
[][][][][][][][][][][][][][][][][][][] 
 []


Overfull \hbox (90.32385pt too wide) in paragraph at lines 144--145
[][][][][][][][][][][][][][][][][] 
 []


Overfull \hbox (26.87396pt too wide) in paragraph at lines 148--149
[][][][][][][][][][][][][][][] 
 []


Overfull \hbox (5.724pt too wide) in paragraph at lines 155--156
[][][][][][][][][][][][][][][][][][][][][][][][][][][][][][][][] 
 []

[27]
Overfull \hbox (33.92395pt too wide) in paragraph at lines 206--207
[][][][][][][][][][][][][][] 
 []


Overfull \hbox (33.92395pt too wide) in paragraph at lines 216--218
[][][][][][][][][][][][][][][][][][][][][][][][][][][][][][] 
 []

[28]
Overfull \hbox (90.32385pt too wide) in paragraph at lines 239--241
[][][][][][][][][][][][][][][][][][][][][][][][][] 
 []


Overfull \hbox (62.1239pt too wide) in paragraph at lines 250--252
[][][][][][][][][][][][][][][][][][] 
 []


Overfull \hbox (76.22388pt too wide) in paragraph at lines 252--253
[][][][][][][][][][][][][][][][][][][] 
 []

[29]
Overfull \hbox (485.12317pt too wide) in paragraph at lines 278--279
[][][][][][][][][][][][][][][][][][][][][][][][][][][][][][][][][][][][][][][][
][] 
 []


Overfull \hbox (111.47382pt too wide) in paragraph at lines 282--283
[][][][][][][][][][][][][][][][][][][][][][][][][][][][][] 
 []


Overfull \hbox (26.87396pt too wide) in paragraph at lines 285--286
[][][][][][][][][][][][][][] 
 []


Overfull \hbox (217.22363pt too wide) in paragraph at lines 288--290
[][][][][][][][][][][][][][][][][][][][][][][][][][][][][][][][][][][][][][] 
 []


Overfull \hbox (957.47235pt too wide) in paragraph at lines 294--295
[][][][][][][][][][][][][][][][][][][][][][][][][][][][][][][][][][][][][][][][
][][][][][][][][][][][][][][][][][][][][][][][][][][][] 
 []


Overfull \hbox (40.97394pt too wide) in paragraph at lines 295--296
[][][][][][][][][][][][][][][][][][][][][][] 
 []


Overfull \hbox (492.17316pt too wide) in paragraph at lines 300--301
[][][][][][][][][][][][][][][][][][][][][][][][][][][][][][][][][][][][][][][][
][][][][][][][][][][] 
 []


Overfull \hbox (139.67377pt too wide) in paragraph at lines 301--302
[][][][][][][][][][][][][][][][][][][][][][][] 
 []


Overfull \hbox (534.47308pt too wide) in paragraph at lines 303--304
[][][][][][][][][][][][][][][][][][][][][][][][][][][][][][][][][][][][][][][][
][][][][][][][][][][][][] 
 []


Overfull \hbox (139.67377pt too wide) in paragraph at lines 304--305
[][][][][][][][][][][][][][][][][][][][][][][] 
 []


Overfull \hbox (492.17316pt too wide) in paragraph at lines 306--307
[][][][][][][][][][][][][][][][][][][][][][][][][][][][][][][][][][][][][][][][
][][][][][][][][][][] 
 []


Overfull \hbox (139.67377pt too wide) in paragraph at lines 307--308
[][][][][][][][][][][][][][][][][][][][][][][] 
 []


Overfull \hbox (534.47308pt too wide) in paragraph at lines 309--310
[][][][][][][][][][][][][][][][][][][][][][][][][][][][][][][][][][][][][][][][
][][][][][][][][][][][][] 
 []


Overfull \hbox (139.67377pt too wide) in paragraph at lines 310--311
[][][][][][][][][][][][][][][][][][][][][][][] 
 []


Overfull \hbox (118.5238pt too wide) in paragraph at lines 313--314
[][][][][][][][][][][][][][][][][][] 
 []


Overfull \hbox (330.02344pt too wide) in paragraph at lines 318--319
[][][][][][][][][][][][][][][][][][][][][][][][][][][][][][][][][][][][][][][][
][][] 
 []


Overfull \hbox (62.1239pt too wide) in paragraph at lines 319--320
[][][][][][][][][][][][][][][][][][][][][][][][][][][][][] 
 []

[30]
Overfull \hbox (203.12366pt too wide) in paragraph at lines 323--324
[][][][][][][][][][][][][][][][][][][][][][][][][][][][][][][][][][] 
 []


Overfull \hbox (139.67377pt too wide) in paragraph at lines 324--325
[][][][][][][][][][][][][][][][][][][][][][][] 
 []


Overfull \hbox (245.42358pt too wide) in paragraph at lines 326--327
[][][][][][][][][][][][][][][][][][][][][][][][][][][][][][][][][][][][] 
 []


Overfull \hbox (139.67377pt too wide) in paragraph at lines 327--328
[][][][][][][][][][][][][][][][][][][][][][][] 
 []


Overfull \hbox (203.12366pt too wide) in paragraph at lines 329--330
[][][][][][][][][][][][][][][][][][][][][][][][][][][][][][][][][][] 
 []


Overfull \hbox (139.67377pt too wide) in paragraph at lines 330--331
[][][][][][][][][][][][][][][][][][][][][][][] 
 []


Overfull \hbox (245.42358pt too wide) in paragraph at lines 332--333
[][][][][][][][][][][][][][][][][][][][][][][][][][][][][][][][][][][][] 
 []


Overfull \hbox (139.67377pt too wide) in paragraph at lines 333--334
[][][][][][][][][][][][][][][][][][][][][][][] 
 []


Overfull \hbox (118.5238pt too wide) in paragraph at lines 336--337
[][][][][][][][][][][][][][][][][][] 
 []


Overfull \hbox (160.82373pt too wide) in paragraph at lines 341--342
[][][][][][][][][][][][][][][][][][][][][][][][][][][][][] 
 []


Overfull \hbox (33.92395pt too wide) in paragraph at lines 342--343
[][][][][][][][][][][][][][][][][][][][][][][][] 
 []


Overfull \hbox (189.02368pt too wide) in paragraph at lines 346--347
[][][][][][][][][][][][][][][][][][][][][][][][][][][][][][][][][][] 
 []


Overfull \hbox (111.47382pt too wide) in paragraph at lines 347--348
[][][][][][][][][][][][][][][][][][][][][][][] 
 []


Overfull \hbox (231.32361pt too wide) in paragraph at lines 349--350
[][][][][][][][][][][][][][][][][][][][][][][][][][][][][][][][][][][][] 
 []


Overfull \hbox (111.47382pt too wide) in paragraph at lines 350--351
[][][][][][][][][][][][][][][][][][][][][][][] 
 []


Overfull \hbox (189.02368pt too wide) in paragraph at lines 352--353
[][][][][][][][][][][][][][][][][][][][][][][][][][][][][][][][][][] 
 []


Overfull \hbox (111.47382pt too wide) in paragraph at lines 353--354
[][][][][][][][][][][][][][][][][][][][][][][] 
 []


Overfull \hbox (231.32361pt too wide) in paragraph at lines 355--356
[][][][][][][][][][][][][][][][][][][][][][][][][][][][][][][][][][][][] 
 []


Overfull \hbox (111.47382pt too wide) in paragraph at lines 356--357
[][][][][][][][][][][][][][][][][][][][][][][] 
 []


Overfull \hbox (76.22388pt too wide) in paragraph at lines 360--361
[][][][][][][][][][][][][][][][][][] 
 []


Overfull \hbox (83.27386pt too wide) in paragraph at lines 363--364
[][][][][][][][][][][][][][][][][][][][][][][][][][][] 
 []


Overfull \hbox (48.02393pt too wide) in paragraph at lines 365--366
[][][][][][][][][][][][][][][] 
 []


Overfull \hbox (33.92395pt too wide) in paragraph at lines 366--367
[][][][][][][][][][][][][][][][][][][][][][] 
 []


Overfull \hbox (5.724pt too wide) in paragraph at lines 368--369
[][][][][][][][][][][][][] 
 []


Overfull \hbox (146.72375pt too wide) in paragraph at lines 369--371
[][][][][][][][][][][][][][][][][][] 
 []

[31]
Overfull \hbox (55.07391pt too wide) in paragraph at lines 374--375
[][][][][][][][][][][][][][]
 []


Overfull \hbox (62.1239pt too wide) in paragraph at lines 375--376
[][][][][][][][][][][][][][][] 
 []


Overfull \hbox (55.07391pt too wide) in paragraph at lines 376--377
[][][][][][][][][][][][][][][][][][][][][][][][] 
 []


Overfull \hbox (153.77374pt too wide) in paragraph at lines 381--382
[][][][][][][][][][][][][][][][][][][] 
 []


Overfull \hbox (146.72375pt too wide) in paragraph at lines 383--384
[][][][][][][][][][][][][] 
 []


Overfull \hbox (97.37384pt too wide) in paragraph at lines 384--386
[][][][][][][][][][][][][][][][]
 []


Overfull \hbox (55.07391pt too wide) in paragraph at lines 389--390
[][][][][][][][][][][][][][]
 []


Overfull \hbox (19.82397pt too wide) in paragraph at lines 392--394
[][][][][][][][][][][][][][][] 
 []


Overfull \hbox (1345.22168pt too wide) in paragraph at lines 394--395
[][][][][][][][][][][][][][][][][][][][][][][][][][][][][][][][][][][][][][][][
][][][][][][][][][][][][][][][][][][][][][][][][][][][][] 
 []


Overfull \hbox (97.37384pt too wide) in paragraph at lines 396--398
[][][][][][][][][][][][][][][][][][][] 
 []


Overfull \hbox (33.92395pt too wide) in paragraph at lines 400--402
[][][][][][][][][][][][][][][] 
 []


Overfull \hbox (55.07391pt too wide) in paragraph at lines 405--406
[][][][][][][][][][][][][][] 
 []


Overfull \hbox (640.2229pt too wide) in paragraph at lines 406--407
[][][][][][][][][][][][][][][][][][][][][][][][][][][][][][][][][][][][][][][] 

 []


Overfull \hbox (48.02393pt too wide) in paragraph at lines 407--408
[][][][][][][][][][][][][][][][][][][][][][][][][][] 
 []


Overfull \hbox (104.42383pt too wide) in paragraph at lines 412--414
[][][][][][][][][][][][][][][][][][] 
 []

[32]
Overfull \hbox (33.92395pt too wide) in paragraph at lines 416--418
[][][][][][][][][][][][][][][] 
 []


Overfull \hbox (196.07367pt too wide) in paragraph at lines 450--451
[][][][][][][][][][][][][][][][][][][][][][][][][][][][][][][][][][][][][][] 
 []


Overfull \hbox (160.82373pt too wide) in paragraph at lines 451--452
[][][][][][][][][][][][][][][][][][][][][][][][][][][] 
 []


Overfull \hbox (210.17365pt too wide) in paragraph at lines 452--453
[][][][][][][][][][][][][][][][][][][][][][][][][][][][][][][][][][][][][][] 
 []


Overfull \hbox (132.62378pt too wide) in paragraph at lines 453--454
[][][][][][][][][][][][][][][][][][][][][][][][][][][] 
 []


Overfull \hbox (238.3736pt too wide) in paragraph at lines 455--456
[][][][][][][][][][][][][][][][][][][][][][][][][][][][][][][][][][][][][][][][
] 
 []


Overfull \hbox (160.82373pt too wide) in paragraph at lines 456--457
[][][][][][][][][][][][][][][][][][][][][][][][][][][] 
 []


Overfull \hbox (252.47357pt too wide) in paragraph at lines 457--458
[][][][][][][][][][][][][][][][][][][][][][][][][][][][][][][][][][][][][][][][
] 
 []


Overfull \hbox (132.62378pt too wide) in paragraph at lines 458--459
[][][][][][][][][][][][][][][][][][][][][][][][][][][] 
 []


Overfull \hbox (160.82373pt too wide) in paragraph at lines 460--461
[][][][][][][][][][][][][][][][][][][][][][][][][][][][][][][][][][][][] 
 []


Overfull \hbox (125.57379pt too wide) in paragraph at lines 461--462
[][][][][][][][][][][][][][][][][][][][][][][][][] 
 []


Overfull \hbox (174.9237pt too wide) in paragraph at lines 462--463
[][][][][][][][][][][][][][][][][][][][][][][][][][][][][][][][][][][][] 
 []


Overfull \hbox (97.37384pt too wide) in paragraph at lines 463--464
[][][][][][][][][][][][][][][][][][][][][][][][][] 
 []

[33]
Overfull \hbox (203.12366pt too wide) in paragraph at lines 465--466
[][][][][][][][][][][][][][][][][][][][][][][][][][][][][][][][][][][][][][] 
 []


Overfull \hbox (125.57379pt too wide) in paragraph at lines 466--467
[][][][][][][][][][][][][][][][][][][][][][][][][] 
 []


Overfull \hbox (217.22363pt too wide) in paragraph at lines 467--468
[][][][][][][][][][][][][][][][][][][][][][][][][][][][][][][][][][][][][][] 
 []


Overfull \hbox (97.37384pt too wide) in paragraph at lines 468--469
[][][][][][][][][][][][][][][][][][][][][][][][][] 
 []


Overfull \hbox (908.12244pt too wide) in paragraph at lines 473--474
[][][][][][][][][][][][][][][][][][][][][][][][][][][][][][][][][][][][][][][][
][][][][][][][][][][][][][][][] 
 []


Overfull \hbox (576.77301pt too wide) in paragraph at lines 474--475
[][][][][][][][][][][][][][][][][][][][][][][][][][][][][][][][][][][][][][][][
] 
 []


Overfull \hbox (217.22363pt too wide) in paragraph at lines 492--493
[][][][][][][][][][][][][][][][][][][][][][][][][][] 
 []

[34]
Overfull \hbox (1845.77081pt too wide) in paragraph at lines 525--526
[][][][][][][][][][][][][][][][][][][][][][][][][][][][][][][][][][][][][][][][
][][][][][][][][][][][][][][][][][][][][][][][][][][][][][][][][][][][][][][][]
[][][][][][][][][][][][][][][][][][][][][][][][][][][][][][][][][][][][][][][][
][][][][][][][][][][] 
 []


Overfull \hbox (1895.12073pt too wide) in paragraph at lines 532--533
[][][][][][][][][][][][][][][][][][][][][][][][][][][][][][][][][][][][][][][][
][][][][][][][][][][][][][][][][][][][][][][][][][][][][][][][][][][][][][][][]
[][][][][][][][][][][][][][][][][][][][][][][][][][][][][][][][][][][][][][][][
][][][][][][][][][][][][][][] 
 []

[35]
LaTeX Font Info:    Font shape `OMS/cmr/m/it' in size <12> not available
(Font)              Font shape `OMS/cmsy/m/n' tried instead on input line 568.
)
Underfull \hbox (badness 10000) in paragraph at lines 338--339

 []

(./Empty.m [36])
Underfull \hbox (badness 10000) in paragraph at lines 349--350

 []

(./Field.m)
! Missing $ inserted.
<inserted text> 
                $
l.360 ... from source file \texttt{select_field.m}
                                                   \\
? 
! Extra }, or forgotten $.
<recently read> \egroup 
                        
l.360 ... from source file \texttt{select_field.m}
                                                   \\
? 
! Missing $ inserted.
<inserted text> 
                $
l.361 
      
? 

Underfull \hbox (badness 10000) in paragraph at lines 360--361

 []

! Missing $ inserted.
<inserted text> 
                $
l.368 ...d,label=lst:select_field]{select_field.m}
                                                  
? 
! Missing $ inserted.
<inserted text> 
                $
l.368 ...d,label=lst:select_field]{select_field.m}
                                                  
? 
(./select_field.m
LaTeX Font Info:    Font shape `OT1/cmtt/bx/n' in size <12> not available
(Font)              Font shape `OT1/cmtt/m/n' tried instead on input line 1.

Overfull \hbox (0.2089pt too wide) in paragraph at lines 1--2
[][][][][][][][][][][][][][][][][][][][] 
 []


Overfull \hbox (103.9498pt too wide) in paragraph at lines 5--6
[][][][][][][][][][][][][][][][][][][][][][][] 
 []

[37]
Overfull \hbox (274.38129pt too wide) in paragraph at lines 18--20
[][][][][][][][][][][][][][][][][][][][][][][][][][][][][][][][][][][][][][][] 

 []

) [38] (./Report.aux)

LaTeX Warning: There were multiply-defined labels.

 )
(\end occurred inside a group at level 1)

### simple group (level 1) entered at line 360 ({)
### bottom level 
Here is how much of TeX's memory you used:
 4924 strings out of 495061
 65023 string characters out of 1182620
 192879 words of memory out of 3000000
 8004 multiletter control sequences out of 15000+50000
 15126 words of font info for 59 fonts, out of 3000000 for 9000
 28 hyphenation exceptions out of 8191
 41i,11n,40p,628b,2014s stack positions out of 5000i,500n,10000p,200000b,50000s
</usr/share/texmf-texlive/fonts/type1/public/amsfonts/cm/cmbx10
.pfb></usr/share/texmf-texlive/fonts/type1/public/amsfonts/cm/cmbx12.pfb></usr/
share/texmf-texlive/fonts/type1/public/amsfonts/cm/cmitt10.pfb></usr/share/texm
f-texlive/fonts/type1/public/amsfonts/cm/cmmi10.pfb></usr/share/texmf-texlive/f
onts/type1/public/amsfonts/cm/cmmi12.pfb></usr/share/texmf-texlive/fonts/type1/
public/amsfonts/cm/cmmi8.pfb></usr/share/texmf-texlive/fonts/type1/public/amsfo
nts/cm/cmr10.pfb></usr/share/texmf-texlive/fonts/type1/public/amsfonts/cm/cmr12
.pfb></usr/share/texmf-texlive/fonts/type1/public/amsfonts/cm/cmr17.pfb></usr/s
hare/texmf-texlive/fonts/type1/public/amsfonts/cm/cmr9.pfb></usr/share/texmf-te
xlive/fonts/type1/public/amsfonts/cm/cmsy10.pfb></usr/share/texmf-texlive/fonts
/type1/public/amsfonts/cm/cmsy8.pfb></usr/share/texmf-texlive/fonts/type1/publi
c/amsfonts/cm/cmti12.pfb></usr/share/texmf-texlive/fonts/type1/public/amsfonts/
cm/cmtt12.pfb></usr/share/texmf-texlive/fonts/type1/public/amsfonts/latxfont/lc
ircle1.pfb>
Output written on Report.pdf (38 pages, 428672 bytes).
PDF statistics:
 231 PDF objects out of 1000 (max. 8388607)
 0 named destinations out of 1000 (max. 500000)
 21 words of extra memory for PDF output out of 10000 (max. 10000000)

